[2022-02-22 03:45:14] local.ERROR: SQLSTATE[HY000] [1045] Access denied for user 'admainchokchai'@'localhost' (using password: YES) (SQL: select * from `users` where `email` = saifah1928@gmail.com limit 1) {"exception":"[object] (Illuminate\\Database\\QueryException(code: 1045): SQLSTATE[HY000] [1045] Access denied for user 'admainchokchai'@'localhost' (using password: YES) (SQL: select * from `users` where `email` = saifah1928@gmail.com limit 1) at D:\\XAMPP\\htdocs\\edocument.chokchaiinternational.com\\edocument.chokchaiinternational.com\\vendor\\laravel\\framework\\src\\Illuminate\\Database\\Connection.php:678)
[stacktrace]
#0 D:\\XAMPP\\htdocs\\edocument.chokchaiinternational.com\\edocument.chokchaiinternational.com\\vendor\\laravel\\framework\\src\\Illuminate\\Database\\Connection.php(638): Illuminate\\Database\\Connection->runQueryCallback('select * from `...', Array, Object(Closure))
#1 D:\\XAMPP\\htdocs\\edocument.chokchaiinternational.com\\edocument.chokchaiinternational.com\\vendor\\laravel\\framework\\src\\Illuminate\\Database\\Connection.php(346): Illuminate\\Database\\Connection->run('select * from `...', Array, Object(Closure))
#2 D:\\XAMPP\\htdocs\\edocument.chokchaiinternational.com\\edocument.chokchaiinternational.com\\vendor\\laravel\\framework\\src\\Illuminate\\Database\\Query\\Builder.php(2315): Illuminate\\Database\\Connection->select('select * from `...', Array, true)
#3 D:\\XAMPP\\htdocs\\edocument.chokchaiinternational.com\\edocument.chokchaiinternational.com\\vendor\\laravel\\framework\\src\\Illuminate\\Database\\Query\\Builder.php(2303): Illuminate\\Database\\Query\\Builder->runSelect()
#4 D:\\XAMPP\\htdocs\\edocument.chokchaiinternational.com\\edocument.chokchaiinternational.com\\vendor\\laravel\\framework\\src\\Illuminate\\Database\\Query\\Builder.php(2867): Illuminate\\Database\\Query\\Builder->Illuminate\\Database\\Query\\{closure}()
#5 D:\\XAMPP\\htdocs\\edocument.chokchaiinternational.com\\edocument.chokchaiinternational.com\\vendor\\laravel\\framework\\src\\Illuminate\\Database\\Query\\Builder.php(2304): Illuminate\\Database\\Query\\Builder->onceWithColumns(Array, Object(Closure))
#6 D:\\XAMPP\\htdocs\\edocument.chokchaiinternational.com\\edocument.chokchaiinternational.com\\vendor\\laravel\\framework\\src\\Illuminate\\Database\\Eloquent\\Builder.php(598): Illuminate\\Database\\Query\\Builder->get(Array)
#7 D:\\XAMPP\\htdocs\\edocument.chokchaiinternational.com\\edocument.chokchaiinternational.com\\vendor\\laravel\\framework\\src\\Illuminate\\Database\\Eloquent\\Builder.php(582): Illuminate\\Database\\Eloquent\\Builder->getModels(Array)
#8 D:\\XAMPP\\htdocs\\edocument.chokchaiinternational.com\\edocument.chokchaiinternational.com\\vendor\\laravel\\framework\\src\\Illuminate\\Database\\Concerns\\BuildsQueries.php(254): Illuminate\\Database\\Eloquent\\Builder->get(Array)
#9 D:\\XAMPP\\htdocs\\edocument.chokchaiinternational.com\\edocument.chokchaiinternational.com\\vendor\\laravel\\framework\\src\\Illuminate\\Auth\\EloquentUserProvider.php(131): Illuminate\\Database\\Eloquent\\Builder->first()
#10 D:\\XAMPP\\htdocs\\edocument.chokchaiinternational.com\\edocument.chokchaiinternational.com\\vendor\\laravel\\framework\\src\\Illuminate\\Auth\\SessionGuard.php(359): Illuminate\\Auth\\EloquentUserProvider->retrieveByCredentials(Array)
#11 D:\\XAMPP\\htdocs\\edocument.chokchaiinternational.com\\edocument.chokchaiinternational.com\\vendor\\laravel\\framework\\src\\Illuminate\\Auth\\AuthManager.php(332): Illuminate\\Auth\\SessionGuard->attempt(Array)
#12 D:\\XAMPP\\htdocs\\edocument.chokchaiinternational.com\\edocument.chokchaiinternational.com\\app\\Http\\Controllers\\Auth\\LoginController.php(58): Illuminate\\Auth\\AuthManager->__call('attempt', Array)
#13 D:\\XAMPP\\htdocs\\edocument.chokchaiinternational.com\\edocument.chokchaiinternational.com\\vendor\\laravel\\framework\\src\\Illuminate\\Routing\\Controller.php(54): App\\Http\\Controllers\\Auth\\LoginController->login(Object(Illuminate\\Http\\Request))
#14 D:\\XAMPP\\htdocs\\edocument.chokchaiinternational.com\\edocument.chokchaiinternational.com\\vendor\\laravel\\framework\\src\\Illuminate\\Routing\\ControllerDispatcher.php(45): Illuminate\\Routing\\Controller->callAction('login', Array)
#15 D:\\XAMPP\\htdocs\\edocument.chokchaiinternational.com\\edocument.chokchaiinternational.com\\vendor\\laravel\\framework\\src\\Illuminate\\Routing\\Route.php(254): Illuminate\\Routing\\ControllerDispatcher->dispatch(Object(Illuminate\\Routing\\Route), Object(App\\Http\\Controllers\\Auth\\LoginController), 'login')
#16 D:\\XAMPP\\htdocs\\edocument.chokchaiinternational.com\\edocument.chokchaiinternational.com\\vendor\\laravel\\framework\\src\\Illuminate\\Routing\\Route.php(197): Illuminate\\Routing\\Route->runController()
#17 D:\\XAMPP\\htdocs\\edocument.chokchaiinternational.com\\edocument.chokchaiinternational.com\\vendor\\laravel\\framework\\src\\Illuminate\\Routing\\Router.php(695): Illuminate\\Routing\\Route->run()
#18 D:\\XAMPP\\htdocs\\edocument.chokchaiinternational.com\\edocument.chokchaiinternational.com\\vendor\\laravel\\framework\\src\\Illuminate\\Pipeline\\Pipeline.php(128): Illuminate\\Routing\\Router->Illuminate\\Routing\\{closure}(Object(Illuminate\\Http\\Request))
#19 D:\\XAMPP\\htdocs\\edocument.chokchaiinternational.com\\edocument.chokchaiinternational.com\\app\\Http\\Middleware\\RedirectIfAuthenticated.php(30): Illuminate\\Pipeline\\Pipeline->Illuminate\\Pipeline\\{closure}(Object(Illuminate\\Http\\Request))
#20 D:\\XAMPP\\htdocs\\edocument.chokchaiinternational.com\\edocument.chokchaiinternational.com\\vendor\\laravel\\framework\\src\\Illuminate\\Pipeline\\Pipeline.php(167): App\\Http\\Middleware\\RedirectIfAuthenticated->handle(Object(Illuminate\\Http\\Request), Object(Closure))
#21 D:\\XAMPP\\htdocs\\edocument.chokchaiinternational.com\\edocument.chokchaiinternational.com\\vendor\\laravel\\framework\\src\\Illuminate\\Routing\\Middleware\\SubstituteBindings.php(50): Illuminate\\Pipeline\\Pipeline->Illuminate\\Pipeline\\{closure}(Object(Illuminate\\Http\\Request))
#22 D:\\XAMPP\\htdocs\\edocument.chokchaiinternational.com\\edocument.chokchaiinternational.com\\vendor\\laravel\\framework\\src\\Illuminate\\Pipeline\\Pipeline.php(167): Illuminate\\Routing\\Middleware\\SubstituteBindings->handle(Object(Illuminate\\Http\\Request), Object(Closure))
#23 D:\\XAMPP\\htdocs\\edocument.chokchaiinternational.com\\edocument.chokchaiinternational.com\\vendor\\laravel\\framework\\src\\Illuminate\\Foundation\\Http\\Middleware\\VerifyCsrfToken.php(78): Illuminate\\Pipeline\\Pipeline->Illuminate\\Pipeline\\{closure}(Object(Illuminate\\Http\\Request))
#24 D:\\XAMPP\\htdocs\\edocument.chokchaiinternational.com\\edocument.chokchaiinternational.com\\vendor\\laravel\\framework\\src\\Illuminate\\Pipeline\\Pipeline.php(167): Illuminate\\Foundation\\Http\\Middleware\\VerifyCsrfToken->handle(Object(Illuminate\\Http\\Request), Object(Closure))
#25 D:\\XAMPP\\htdocs\\edocument.chokchaiinternational.com\\edocument.chokchaiinternational.com\\vendor\\laravel\\framework\\src\\Illuminate\\View\\Middleware\\ShareErrorsFromSession.php(49): Illuminate\\Pipeline\\Pipeline->Illuminate\\Pipeline\\{closure}(Object(Illuminate\\Http\\Request))
#26 D:\\XAMPP\\htdocs\\edocument.chokchaiinternational.com\\edocument.chokchaiinternational.com\\vendor\\laravel\\framework\\src\\Illuminate\\Pipeline\\Pipeline.php(167): Illuminate\\View\\Middleware\\ShareErrorsFromSession->handle(Object(Illuminate\\Http\\Request), Object(Closure))
#27 D:\\XAMPP\\htdocs\\edocument.chokchaiinternational.com\\edocument.chokchaiinternational.com\\vendor\\laravel\\framework\\src\\Illuminate\\Session\\Middleware\\StartSession.php(121): Illuminate\\Pipeline\\Pipeline->Illuminate\\Pipeline\\{closure}(Object(Illuminate\\Http\\Request))
#28 D:\\XAMPP\\htdocs\\edocument.chokchaiinternational.com\\edocument.chokchaiinternational.com\\vendor\\laravel\\framework\\src\\Illuminate\\Session\\Middleware\\StartSession.php(64): Illuminate\\Session\\Middleware\\StartSession->handleStatefulRequest(Object(Illuminate\\Http\\Request), Object(Illuminate\\Session\\Store), Object(Closure))
#29 D:\\XAMPP\\htdocs\\edocument.chokchaiinternational.com\\edocument.chokchaiinternational.com\\vendor\\laravel\\framework\\src\\Illuminate\\Pipeline\\Pipeline.php(167): Illuminate\\Session\\Middleware\\StartSession->handle(Object(Illuminate\\Http\\Request), Object(Closure))
#30 D:\\XAMPP\\htdocs\\edocument.chokchaiinternational.com\\edocument.chokchaiinternational.com\\vendor\\laravel\\framework\\src\\Illuminate\\Cookie\\Middleware\\AddQueuedCookiesToResponse.php(37): Illuminate\\Pipeline\\Pipeline->Illuminate\\Pipeline\\{closure}(Object(Illuminate\\Http\\Request))
#31 D:\\XAMPP\\htdocs\\edocument.chokchaiinternational.com\\edocument.chokchaiinternational.com\\vendor\\laravel\\framework\\src\\Illuminate\\Pipeline\\Pipeline.php(167): Illuminate\\Cookie\\Middleware\\AddQueuedCookiesToResponse->handle(Object(Illuminate\\Http\\Request), Object(Closure))
#32 D:\\XAMPP\\htdocs\\edocument.chokchaiinternational.com\\edocument.chokchaiinternational.com\\vendor\\laravel\\framework\\src\\Illuminate\\Cookie\\Middleware\\EncryptCookies.php(67): Illuminate\\Pipeline\\Pipeline->Illuminate\\Pipeline\\{closure}(Object(Illuminate\\Http\\Request))
#33 D:\\XAMPP\\htdocs\\edocument.chokchaiinternational.com\\edocument.chokchaiinternational.com\\vendor\\laravel\\framework\\src\\Illuminate\\Pipeline\\Pipeline.php(167): Illuminate\\Cookie\\Middleware\\EncryptCookies->handle(Object(Illuminate\\Http\\Request), Object(Closure))
#34 D:\\XAMPP\\htdocs\\edocument.chokchaiinternational.com\\edocument.chokchaiinternational.com\\vendor\\laravel\\framework\\src\\Illuminate\\Pipeline\\Pipeline.php(103): Illuminate\\Pipeline\\Pipeline->Illuminate\\Pipeline\\{closure}(Object(Illuminate\\Http\\Request))
#35 D:\\XAMPP\\htdocs\\edocument.chokchaiinternational.com\\edocument.chokchaiinternational.com\\vendor\\laravel\\framework\\src\\Illuminate\\Routing\\Router.php(697): Illuminate\\Pipeline\\Pipeline->then(Object(Closure))
#36 D:\\XAMPP\\htdocs\\edocument.chokchaiinternational.com\\edocument.chokchaiinternational.com\\vendor\\laravel\\framework\\src\\Illuminate\\Routing\\Router.php(672): Illuminate\\Routing\\Router->runRouteWithinStack(Object(Illuminate\\Routing\\Route), Object(Illuminate\\Http\\Request))
#37 D:\\XAMPP\\htdocs\\edocument.chokchaiinternational.com\\edocument.chokchaiinternational.com\\vendor\\laravel\\framework\\src\\Illuminate\\Routing\\Router.php(636): Illuminate\\Routing\\Router->runRoute(Object(Illuminate\\Http\\Request), Object(Illuminate\\Routing\\Route))
#38 D:\\XAMPP\\htdocs\\edocument.chokchaiinternational.com\\edocument.chokchaiinternational.com\\vendor\\laravel\\framework\\src\\Illuminate\\Routing\\Router.php(625): Illuminate\\Routing\\Router->dispatchToRoute(Object(Illuminate\\Http\\Request))
#39 D:\\XAMPP\\htdocs\\edocument.chokchaiinternational.com\\edocument.chokchaiinternational.com\\vendor\\laravel\\framework\\src\\Illuminate\\Foundation\\Http\\Kernel.php(166): Illuminate\\Routing\\Router->dispatch(Object(Illuminate\\Http\\Request))
#40 D:\\XAMPP\\htdocs\\edocument.chokchaiinternational.com\\edocument.chokchaiinternational.com\\vendor\\laravel\\framework\\src\\Illuminate\\Pipeline\\Pipeline.php(128): Illuminate\\Foundation\\Http\\Kernel->Illuminate\\Foundation\\Http\\{closure}(Object(Illuminate\\Http\\Request))
#41 D:\\XAMPP\\htdocs\\edocument.chokchaiinternational.com\\edocument.chokchaiinternational.com\\vendor\\laravel\\framework\\src\\Illuminate\\Foundation\\Http\\Middleware\\TransformsRequest.php(21): Illuminate\\Pipeline\\Pipeline->Illuminate\\Pipeline\\{closure}(Object(Illuminate\\Http\\Request))
#42 D:\\XAMPP\\htdocs\\edocument.chokchaiinternational.com\\edocument.chokchaiinternational.com\\vendor\\laravel\\framework\\src\\Illuminate\\Foundation\\Http\\Middleware\\ConvertEmptyStringsToNull.php(31): Illuminate\\Foundation\\Http\\Middleware\\TransformsRequest->handle(Object(Illuminate\\Http\\Request), Object(Closure))
#43 D:\\XAMPP\\htdocs\\edocument.chokchaiinternational.com\\edocument.chokchaiinternational.com\\vendor\\laravel\\framework\\src\\Illuminate\\Pipeline\\Pipeline.php(167): Illuminate\\Foundation\\Http\\Middleware\\ConvertEmptyStringsToNull->handle(Object(Illuminate\\Http\\Request), Object(Closure))
#44 D:\\XAMPP\\htdocs\\edocument.chokchaiinternational.com\\edocument.chokchaiinternational.com\\vendor\\laravel\\framework\\src\\Illuminate\\Foundation\\Http\\Middleware\\TransformsRequest.php(21): Illuminate\\Pipeline\\Pipeline->Illuminate\\Pipeline\\{closure}(Object(Illuminate\\Http\\Request))
#45 D:\\XAMPP\\htdocs\\edocument.chokchaiinternational.com\\edocument.chokchaiinternational.com\\vendor\\laravel\\framework\\src\\Illuminate\\Foundation\\Http\\Middleware\\TrimStrings.php(40): Illuminate\\Foundation\\Http\\Middleware\\TransformsRequest->handle(Object(Illuminate\\Http\\Request), Object(Closure))
#46 D:\\XAMPP\\htdocs\\edocument.chokchaiinternational.com\\edocument.chokchaiinternational.com\\vendor\\laravel\\framework\\src\\Illuminate\\Pipeline\\Pipeline.php(167): Illuminate\\Foundation\\Http\\Middleware\\TrimStrings->handle(Object(Illuminate\\Http\\Request), Object(Closure))
#47 D:\\XAMPP\\htdocs\\edocument.chokchaiinternational.com\\edocument.chokchaiinternational.com\\vendor\\laravel\\framework\\src\\Illuminate\\Foundation\\Http\\Middleware\\ValidatePostSize.php(27): Illuminate\\Pipeline\\Pipeline->Illuminate\\Pipeline\\{closure}(Object(Illuminate\\Http\\Request))
#48 D:\\XAMPP\\htdocs\\edocument.chokchaiinternational.com\\edocument.chokchaiinternational.com\\vendor\\laravel\\framework\\src\\Illuminate\\Pipeline\\Pipeline.php(167): Illuminate\\Foundation\\Http\\Middleware\\ValidatePostSize->handle(Object(Illuminate\\Http\\Request), Object(Closure))
#49 D:\\XAMPP\\htdocs\\edocument.chokchaiinternational.com\\edocument.chokchaiinternational.com\\vendor\\laravel\\framework\\src\\Illuminate\\Foundation\\Http\\Middleware\\PreventRequestsDuringMaintenance.php(86): Illuminate\\Pipeline\\Pipeline->Illuminate\\Pipeline\\{closure}(Object(Illuminate\\Http\\Request))
#50 D:\\XAMPP\\htdocs\\edocument.chokchaiinternational.com\\edocument.chokchaiinternational.com\\vendor\\laravel\\framework\\src\\Illuminate\\Pipeline\\Pipeline.php(167): Illuminate\\Foundation\\Http\\Middleware\\PreventRequestsDuringMaintenance->handle(Object(Illuminate\\Http\\Request), Object(Closure))
#51 D:\\XAMPP\\htdocs\\edocument.chokchaiinternational.com\\edocument.chokchaiinternational.com\\vendor\\fruitcake\\laravel-cors\\src\\HandleCors.php(38): Illuminate\\Pipeline\\Pipeline->Illuminate\\Pipeline\\{closure}(Object(Illuminate\\Http\\Request))
#52 D:\\XAMPP\\htdocs\\edocument.chokchaiinternational.com\\edocument.chokchaiinternational.com\\vendor\\laravel\\framework\\src\\Illuminate\\Pipeline\\Pipeline.php(167): Fruitcake\\Cors\\HandleCors->handle(Object(Illuminate\\Http\\Request), Object(Closure))
#53 D:\\XAMPP\\htdocs\\edocument.chokchaiinternational.com\\edocument.chokchaiinternational.com\\vendor\\fideloper\\proxy\\src\\TrustProxies.php(57): Illuminate\\Pipeline\\Pipeline->Illuminate\\Pipeline\\{closure}(Object(Illuminate\\Http\\Request))
#54 D:\\XAMPP\\htdocs\\edocument.chokchaiinternational.com\\edocument.chokchaiinternational.com\\vendor\\laravel\\framework\\src\\Illuminate\\Pipeline\\Pipeline.php(167): Fideloper\\Proxy\\TrustProxies->handle(Object(Illuminate\\Http\\Request), Object(Closure))
#55 D:\\XAMPP\\htdocs\\edocument.chokchaiinternational.com\\edocument.chokchaiinternational.com\\vendor\\laravel\\framework\\src\\Illuminate\\Pipeline\\Pipeline.php(103): Illuminate\\Pipeline\\Pipeline->Illuminate\\Pipeline\\{closure}(Object(Illuminate\\Http\\Request))
#56 D:\\XAMPP\\htdocs\\edocument.chokchaiinternational.com\\edocument.chokchaiinternational.com\\vendor\\laravel\\framework\\src\\Illuminate\\Foundation\\Http\\Kernel.php(141): Illuminate\\Pipeline\\Pipeline->then(Object(Closure))
#57 D:\\XAMPP\\htdocs\\edocument.chokchaiinternational.com\\edocument.chokchaiinternational.com\\vendor\\laravel\\framework\\src\\Illuminate\\Foundation\\Http\\Kernel.php(110): Illuminate\\Foundation\\Http\\Kernel->sendRequestThroughRouter(Object(Illuminate\\Http\\Request))
#58 D:\\XAMPP\\htdocs\\edocument.chokchaiinternational.com\\edocument.chokchaiinternational.com\\public\\index.php(52): Illuminate\\Foundation\\Http\\Kernel->handle(Object(Illuminate\\Http\\Request))
#59 D:\\XAMPP\\htdocs\\edocument.chokchaiinternational.com\\edocument.chokchaiinternational.com\\server.php(21): require_once('D:\\\\XAMPP\\\\htdocs...')
#60 {main}

[previous exception] [object] (PDOException(code: 1045): SQLSTATE[HY000] [1045] Access denied for user 'admainchokchai'@'localhost' (using password: YES) at D:\\XAMPP\\htdocs\\edocument.chokchaiinternational.com\\edocument.chokchaiinternational.com\\vendor\\laravel\\framework\\src\\Illuminate\\Database\\Connectors\\Connector.php:70)
[stacktrace]
#0 D:\\XAMPP\\htdocs\\edocument.chokchaiinternational.com\\edocument.chokchaiinternational.com\\vendor\\laravel\\framework\\src\\Illuminate\\Database\\Connectors\\Connector.php(70): PDO->__construct('mysql:host=127....', 'admainchokchai', 'Farm2021@', Array)
#1 D:\\XAMPP\\htdocs\\edocument.chokchaiinternational.com\\edocument.chokchaiinternational.com\\vendor\\laravel\\framework\\src\\Illuminate\\Database\\Connectors\\Connector.php(46): Illuminate\\Database\\Connectors\\Connector->createPdoConnection('mysql:host=127....', 'admainchokchai', 'Farm2021@', Array)
#2 D:\\XAMPP\\htdocs\\edocument.chokchaiinternational.com\\edocument.chokchaiinternational.com\\vendor\\laravel\\framework\\src\\Illuminate\\Database\\Connectors\\MySqlConnector.php(24): Illuminate\\Database\\Connectors\\Connector->createConnection('mysql:host=127....', Array, Array)
#3 D:\\XAMPP\\htdocs\\edocument.chokchaiinternational.com\\edocument.chokchaiinternational.com\\vendor\\laravel\\framework\\src\\Illuminate\\Database\\Connectors\\ConnectionFactory.php(184): Illuminate\\Database\\Connectors\\MySqlConnector->connect(Array)
#4 [internal function]: Illuminate\\Database\\Connectors\\ConnectionFactory->Illuminate\\Database\\Connectors\\{closure}()
#5 D:\\XAMPP\\htdocs\\edocument.chokchaiinternational.com\\edocument.chokchaiinternational.com\\vendor\\laravel\\framework\\src\\Illuminate\\Database\\Connection.php(949): call_user_func(Object(Closure))
#6 D:\\XAMPP\\htdocs\\edocument.chokchaiinternational.com\\edocument.chokchaiinternational.com\\vendor\\laravel\\framework\\src\\Illuminate\\Database\\Connection.php(984): Illuminate\\Database\\Connection->getPdo()
#7 D:\\XAMPP\\htdocs\\edocument.chokchaiinternational.com\\edocument.chokchaiinternational.com\\vendor\\laravel\\framework\\src\\Illuminate\\Database\\Connection.php(412): Illuminate\\Database\\Connection->getReadPdo()
#8 D:\\XAMPP\\htdocs\\edocument.chokchaiinternational.com\\edocument.chokchaiinternational.com\\vendor\\laravel\\framework\\src\\Illuminate\\Database\\Connection.php(338): Illuminate\\Database\\Connection->getPdoForSelect(true)
#9 D:\\XAMPP\\htdocs\\edocument.chokchaiinternational.com\\edocument.chokchaiinternational.com\\vendor\\laravel\\framework\\src\\Illuminate\\Database\\Connection.php(671): Illuminate\\Database\\Connection->Illuminate\\Database\\{closure}('select * from `...', Array)
#10 D:\\XAMPP\\htdocs\\edocument.chokchaiinternational.com\\edocument.chokchaiinternational.com\\vendor\\laravel\\framework\\src\\Illuminate\\Database\\Connection.php(638): Illuminate\\Database\\Connection->runQueryCallback('select * from `...', Array, Object(Closure))
#11 D:\\XAMPP\\htdocs\\edocument.chokchaiinternational.com\\edocument.chokchaiinternational.com\\vendor\\laravel\\framework\\src\\Illuminate\\Database\\Connection.php(346): Illuminate\\Database\\Connection->run('select * from `...', Array, Object(Closure))
#12 D:\\XAMPP\\htdocs\\edocument.chokchaiinternational.com\\edocument.chokchaiinternational.com\\vendor\\laravel\\framework\\src\\Illuminate\\Database\\Query\\Builder.php(2315): Illuminate\\Database\\Connection->select('select * from `...', Array, true)
#13 D:\\XAMPP\\htdocs\\edocument.chokchaiinternational.com\\edocument.chokchaiinternational.com\\vendor\\laravel\\framework\\src\\Illuminate\\Database\\Query\\Builder.php(2303): Illuminate\\Database\\Query\\Builder->runSelect()
#14 D:\\XAMPP\\htdocs\\edocument.chokchaiinternational.com\\edocument.chokchaiinternational.com\\vendor\\laravel\\framework\\src\\Illuminate\\Database\\Query\\Builder.php(2867): Illuminate\\Database\\Query\\Builder->Illuminate\\Database\\Query\\{closure}()
#15 D:\\XAMPP\\htdocs\\edocument.chokchaiinternational.com\\edocument.chokchaiinternational.com\\vendor\\laravel\\framework\\src\\Illuminate\\Database\\Query\\Builder.php(2304): Illuminate\\Database\\Query\\Builder->onceWithColumns(Array, Object(Closure))
#16 D:\\XAMPP\\htdocs\\edocument.chokchaiinternational.com\\edocument.chokchaiinternational.com\\vendor\\laravel\\framework\\src\\Illuminate\\Database\\Eloquent\\Builder.php(598): Illuminate\\Database\\Query\\Builder->get(Array)
#17 D:\\XAMPP\\htdocs\\edocument.chokchaiinternational.com\\edocument.chokchaiinternational.com\\vendor\\laravel\\framework\\src\\Illuminate\\Database\\Eloquent\\Builder.php(582): Illuminate\\Database\\Eloquent\\Builder->getModels(Array)
#18 D:\\XAMPP\\htdocs\\edocument.chokchaiinternational.com\\edocument.chokchaiinternational.com\\vendor\\laravel\\framework\\src\\Illuminate\\Database\\Concerns\\BuildsQueries.php(254): Illuminate\\Database\\Eloquent\\Builder->get(Array)
#19 D:\\XAMPP\\htdocs\\edocument.chokchaiinternational.com\\edocument.chokchaiinternational.com\\vendor\\laravel\\framework\\src\\Illuminate\\Auth\\EloquentUserProvider.php(131): Illuminate\\Database\\Eloquent\\Builder->first()
#20 D:\\XAMPP\\htdocs\\edocument.chokchaiinternational.com\\edocument.chokchaiinternational.com\\vendor\\laravel\\framework\\src\\Illuminate\\Auth\\SessionGuard.php(359): Illuminate\\Auth\\EloquentUserProvider->retrieveByCredentials(Array)
#21 D:\\XAMPP\\htdocs\\edocument.chokchaiinternational.com\\edocument.chokchaiinternational.com\\vendor\\laravel\\framework\\src\\Illuminate\\Auth\\AuthManager.php(332): Illuminate\\Auth\\SessionGuard->attempt(Array)
#22 D:\\XAMPP\\htdocs\\edocument.chokchaiinternational.com\\edocument.chokchaiinternational.com\\app\\Http\\Controllers\\Auth\\LoginController.php(58): Illuminate\\Auth\\AuthManager->__call('attempt', Array)
#23 D:\\XAMPP\\htdocs\\edocument.chokchaiinternational.com\\edocument.chokchaiinternational.com\\vendor\\laravel\\framework\\src\\Illuminate\\Routing\\Controller.php(54): App\\Http\\Controllers\\Auth\\LoginController->login(Object(Illuminate\\Http\\Request))
#24 D:\\XAMPP\\htdocs\\edocument.chokchaiinternational.com\\edocument.chokchaiinternational.com\\vendor\\laravel\\framework\\src\\Illuminate\\Routing\\ControllerDispatcher.php(45): Illuminate\\Routing\\Controller->callAction('login', Array)
#25 D:\\XAMPP\\htdocs\\edocument.chokchaiinternational.com\\edocument.chokchaiinternational.com\\vendor\\laravel\\framework\\src\\Illuminate\\Routing\\Route.php(254): Illuminate\\Routing\\ControllerDispatcher->dispatch(Object(Illuminate\\Routing\\Route), Object(App\\Http\\Controllers\\Auth\\LoginController), 'login')
#26 D:\\XAMPP\\htdocs\\edocument.chokchaiinternational.com\\edocument.chokchaiinternational.com\\vendor\\laravel\\framework\\src\\Illuminate\\Routing\\Route.php(197): Illuminate\\Routing\\Route->runController()
#27 D:\\XAMPP\\htdocs\\edocument.chokchaiinternational.com\\edocument.chokchaiinternational.com\\vendor\\laravel\\framework\\src\\Illuminate\\Routing\\Router.php(695): Illuminate\\Routing\\Route->run()
#28 D:\\XAMPP\\htdocs\\edocument.chokchaiinternational.com\\edocument.chokchaiinternational.com\\vendor\\laravel\\framework\\src\\Illuminate\\Pipeline\\Pipeline.php(128): Illuminate\\Routing\\Router->Illuminate\\Routing\\{closure}(Object(Illuminate\\Http\\Request))
#29 D:\\XAMPP\\htdocs\\edocument.chokchaiinternational.com\\edocument.chokchaiinternational.com\\app\\Http\\Middleware\\RedirectIfAuthenticated.php(30): Illuminate\\Pipeline\\Pipeline->Illuminate\\Pipeline\\{closure}(Object(Illuminate\\Http\\Request))
#30 D:\\XAMPP\\htdocs\\edocument.chokchaiinternational.com\\edocument.chokchaiinternational.com\\vendor\\laravel\\framework\\src\\Illuminate\\Pipeline\\Pipeline.php(167): App\\Http\\Middleware\\RedirectIfAuthenticated->handle(Object(Illuminate\\Http\\Request), Object(Closure))
#31 D:\\XAMPP\\htdocs\\edocument.chokchaiinternational.com\\edocument.chokchaiinternational.com\\vendor\\laravel\\framework\\src\\Illuminate\\Routing\\Middleware\\SubstituteBindings.php(50): Illuminate\\Pipeline\\Pipeline->Illuminate\\Pipeline\\{closure}(Object(Illuminate\\Http\\Request))
#32 D:\\XAMPP\\htdocs\\edocument.chokchaiinternational.com\\edocument.chokchaiinternational.com\\vendor\\laravel\\framework\\src\\Illuminate\\Pipeline\\Pipeline.php(167): Illuminate\\Routing\\Middleware\\SubstituteBindings->handle(Object(Illuminate\\Http\\Request), Object(Closure))
#33 D:\\XAMPP\\htdocs\\edocument.chokchaiinternational.com\\edocument.chokchaiinternational.com\\vendor\\laravel\\framework\\src\\Illuminate\\Foundation\\Http\\Middleware\\VerifyCsrfToken.php(78): Illuminate\\Pipeline\\Pipeline->Illuminate\\Pipeline\\{closure}(Object(Illuminate\\Http\\Request))
#34 D:\\XAMPP\\htdocs\\edocument.chokchaiinternational.com\\edocument.chokchaiinternational.com\\vendor\\laravel\\framework\\src\\Illuminate\\Pipeline\\Pipeline.php(167): Illuminate\\Foundation\\Http\\Middleware\\VerifyCsrfToken->handle(Object(Illuminate\\Http\\Request), Object(Closure))
#35 D:\\XAMPP\\htdocs\\edocument.chokchaiinternational.com\\edocument.chokchaiinternational.com\\vendor\\laravel\\framework\\src\\Illuminate\\View\\Middleware\\ShareErrorsFromSession.php(49): Illuminate\\Pipeline\\Pipeline->Illuminate\\Pipeline\\{closure}(Object(Illuminate\\Http\\Request))
#36 D:\\XAMPP\\htdocs\\edocument.chokchaiinternational.com\\edocument.chokchaiinternational.com\\vendor\\laravel\\framework\\src\\Illuminate\\Pipeline\\Pipeline.php(167): Illuminate\\View\\Middleware\\ShareErrorsFromSession->handle(Object(Illuminate\\Http\\Request), Object(Closure))
#37 D:\\XAMPP\\htdocs\\edocument.chokchaiinternational.com\\edocument.chokchaiinternational.com\\vendor\\laravel\\framework\\src\\Illuminate\\Session\\Middleware\\StartSession.php(121): Illuminate\\Pipeline\\Pipeline->Illuminate\\Pipeline\\{closure}(Object(Illuminate\\Http\\Request))
#38 D:\\XAMPP\\htdocs\\edocument.chokchaiinternational.com\\edocument.chokchaiinternational.com\\vendor\\laravel\\framework\\src\\Illuminate\\Session\\Middleware\\StartSession.php(64): Illuminate\\Session\\Middleware\\StartSession->handleStatefulRequest(Object(Illuminate\\Http\\Request), Object(Illuminate\\Session\\Store), Object(Closure))
#39 D:\\XAMPP\\htdocs\\edocument.chokchaiinternational.com\\edocument.chokchaiinternational.com\\vendor\\laravel\\framework\\src\\Illuminate\\Pipeline\\Pipeline.php(167): Illuminate\\Session\\Middleware\\StartSession->handle(Object(Illuminate\\Http\\Request), Object(Closure))
#40 D:\\XAMPP\\htdocs\\edocument.chokchaiinternational.com\\edocument.chokchaiinternational.com\\vendor\\laravel\\framework\\src\\Illuminate\\Cookie\\Middleware\\AddQueuedCookiesToResponse.php(37): Illuminate\\Pipeline\\Pipeline->Illuminate\\Pipeline\\{closure}(Object(Illuminate\\Http\\Request))
#41 D:\\XAMPP\\htdocs\\edocument.chokchaiinternational.com\\edocument.chokchaiinternational.com\\vendor\\laravel\\framework\\src\\Illuminate\\Pipeline\\Pipeline.php(167): Illuminate\\Cookie\\Middleware\\AddQueuedCookiesToResponse->handle(Object(Illuminate\\Http\\Request), Object(Closure))
#42 D:\\XAMPP\\htdocs\\edocument.chokchaiinternational.com\\edocument.chokchaiinternational.com\\vendor\\laravel\\framework\\src\\Illuminate\\Cookie\\Middleware\\EncryptCookies.php(67): Illuminate\\Pipeline\\Pipeline->Illuminate\\Pipeline\\{closure}(Object(Illuminate\\Http\\Request))
#43 D:\\XAMPP\\htdocs\\edocument.chokchaiinternational.com\\edocument.chokchaiinternational.com\\vendor\\laravel\\framework\\src\\Illuminate\\Pipeline\\Pipeline.php(167): Illuminate\\Cookie\\Middleware\\EncryptCookies->handle(Object(Illuminate\\Http\\Request), Object(Closure))
#44 D:\\XAMPP\\htdocs\\edocument.chokchaiinternational.com\\edocument.chokchaiinternational.com\\vendor\\laravel\\framework\\src\\Illuminate\\Pipeline\\Pipeline.php(103): Illuminate\\Pipeline\\Pipeline->Illuminate\\Pipeline\\{closure}(Object(Illuminate\\Http\\Request))
#45 D:\\XAMPP\\htdocs\\edocument.chokchaiinternational.com\\edocument.chokchaiinternational.com\\vendor\\laravel\\framework\\src\\Illuminate\\Routing\\Router.php(697): Illuminate\\Pipeline\\Pipeline->then(Object(Closure))
#46 D:\\XAMPP\\htdocs\\edocument.chokchaiinternational.com\\edocument.chokchaiinternational.com\\vendor\\laravel\\framework\\src\\Illuminate\\Routing\\Router.php(672): Illuminate\\Routing\\Router->runRouteWithinStack(Object(Illuminate\\Routing\\Route), Object(Illuminate\\Http\\Request))
#47 D:\\XAMPP\\htdocs\\edocument.chokchaiinternational.com\\edocument.chokchaiinternational.com\\vendor\\laravel\\framework\\src\\Illuminate\\Routing\\Router.php(636): Illuminate\\Routing\\Router->runRoute(Object(Illuminate\\Http\\Request), Object(Illuminate\\Routing\\Route))
#48 D:\\XAMPP\\htdocs\\edocument.chokchaiinternational.com\\edocument.chokchaiinternational.com\\vendor\\laravel\\framework\\src\\Illuminate\\Routing\\Router.php(625): Illuminate\\Routing\\Router->dispatchToRoute(Object(Illuminate\\Http\\Request))
#49 D:\\XAMPP\\htdocs\\edocument.chokchaiinternational.com\\edocument.chokchaiinternational.com\\vendor\\laravel\\framework\\src\\Illuminate\\Foundation\\Http\\Kernel.php(166): Illuminate\\Routing\\Router->dispatch(Object(Illuminate\\Http\\Request))
#50 D:\\XAMPP\\htdocs\\edocument.chokchaiinternational.com\\edocument.chokchaiinternational.com\\vendor\\laravel\\framework\\src\\Illuminate\\Pipeline\\Pipeline.php(128): Illuminate\\Foundation\\Http\\Kernel->Illuminate\\Foundation\\Http\\{closure}(Object(Illuminate\\Http\\Request))
#51 D:\\XAMPP\\htdocs\\edocument.chokchaiinternational.com\\edocument.chokchaiinternational.com\\vendor\\laravel\\framework\\src\\Illuminate\\Foundation\\Http\\Middleware\\TransformsRequest.php(21): Illuminate\\Pipeline\\Pipeline->Illuminate\\Pipeline\\{closure}(Object(Illuminate\\Http\\Request))
#52 D:\\XAMPP\\htdocs\\edocument.chokchaiinternational.com\\edocument.chokchaiinternational.com\\vendor\\laravel\\framework\\src\\Illuminate\\Foundation\\Http\\Middleware\\ConvertEmptyStringsToNull.php(31): Illuminate\\Foundation\\Http\\Middleware\\TransformsRequest->handle(Object(Illuminate\\Http\\Request), Object(Closure))
#53 D:\\XAMPP\\htdocs\\edocument.chokchaiinternational.com\\edocument.chokchaiinternational.com\\vendor\\laravel\\framework\\src\\Illuminate\\Pipeline\\Pipeline.php(167): Illuminate\\Foundation\\Http\\Middleware\\ConvertEmptyStringsToNull->handle(Object(Illuminate\\Http\\Request), Object(Closure))
#54 D:\\XAMPP\\htdocs\\edocument.chokchaiinternational.com\\edocument.chokchaiinternational.com\\vendor\\laravel\\framework\\src\\Illuminate\\Foundation\\Http\\Middleware\\TransformsRequest.php(21): Illuminate\\Pipeline\\Pipeline->Illuminate\\Pipeline\\{closure}(Object(Illuminate\\Http\\Request))
#55 D:\\XAMPP\\htdocs\\edocument.chokchaiinternational.com\\edocument.chokchaiinternational.com\\vendor\\laravel\\framework\\src\\Illuminate\\Foundation\\Http\\Middleware\\TrimStrings.php(40): Illuminate\\Foundation\\Http\\Middleware\\TransformsRequest->handle(Object(Illuminate\\Http\\Request), Object(Closure))
#56 D:\\XAMPP\\htdocs\\edocument.chokchaiinternational.com\\edocument.chokchaiinternational.com\\vendor\\laravel\\framework\\src\\Illuminate\\Pipeline\\Pipeline.php(167): Illuminate\\Foundation\\Http\\Middleware\\TrimStrings->handle(Object(Illuminate\\Http\\Request), Object(Closure))
#57 D:\\XAMPP\\htdocs\\edocument.chokchaiinternational.com\\edocument.chokchaiinternational.com\\vendor\\laravel\\framework\\src\\Illuminate\\Foundation\\Http\\Middleware\\ValidatePostSize.php(27): Illuminate\\Pipeline\\Pipeline->Illuminate\\Pipeline\\{closure}(Object(Illuminate\\Http\\Request))
#58 D:\\XAMPP\\htdocs\\edocument.chokchaiinternational.com\\edocument.chokchaiinternational.com\\vendor\\laravel\\framework\\src\\Illuminate\\Pipeline\\Pipeline.php(167): Illuminate\\Foundation\\Http\\Middleware\\ValidatePostSize->handle(Object(Illuminate\\Http\\Request), Object(Closure))
#59 D:\\XAMPP\\htdocs\\edocument.chokchaiinternational.com\\edocument.chokchaiinternational.com\\vendor\\laravel\\framework\\src\\Illuminate\\Foundation\\Http\\Middleware\\PreventRequestsDuringMaintenance.php(86): Illuminate\\Pipeline\\Pipeline->Illuminate\\Pipeline\\{closure}(Object(Illuminate\\Http\\Request))
#60 D:\\XAMPP\\htdocs\\edocument.chokchaiinternational.com\\edocument.chokchaiinternational.com\\vendor\\laravel\\framework\\src\\Illuminate\\Pipeline\\Pipeline.php(167): Illuminate\\Foundation\\Http\\Middleware\\PreventRequestsDuringMaintenance->handle(Object(Illuminate\\Http\\Request), Object(Closure))
#61 D:\\XAMPP\\htdocs\\edocument.chokchaiinternational.com\\edocument.chokchaiinternational.com\\vendor\\fruitcake\\laravel-cors\\src\\HandleCors.php(38): Illuminate\\Pipeline\\Pipeline->Illuminate\\Pipeline\\{closure}(Object(Illuminate\\Http\\Request))
#62 D:\\XAMPP\\htdocs\\edocument.chokchaiinternational.com\\edocument.chokchaiinternational.com\\vendor\\laravel\\framework\\src\\Illuminate\\Pipeline\\Pipeline.php(167): Fruitcake\\Cors\\HandleCors->handle(Object(Illuminate\\Http\\Request), Object(Closure))
#63 D:\\XAMPP\\htdocs\\edocument.chokchaiinternational.com\\edocument.chokchaiinternational.com\\vendor\\fideloper\\proxy\\src\\TrustProxies.php(57): Illuminate\\Pipeline\\Pipeline->Illuminate\\Pipeline\\{closure}(Object(Illuminate\\Http\\Request))
#64 D:\\XAMPP\\htdocs\\edocument.chokchaiinternational.com\\edocument.chokchaiinternational.com\\vendor\\laravel\\framework\\src\\Illuminate\\Pipeline\\Pipeline.php(167): Fideloper\\Proxy\\TrustProxies->handle(Object(Illuminate\\Http\\Request), Object(Closure))
#65 D:\\XAMPP\\htdocs\\edocument.chokchaiinternational.com\\edocument.chokchaiinternational.com\\vendor\\laravel\\framework\\src\\Illuminate\\Pipeline\\Pipeline.php(103): Illuminate\\Pipeline\\Pipeline->Illuminate\\Pipeline\\{closure}(Object(Illuminate\\Http\\Request))
#66 D:\\XAMPP\\htdocs\\edocument.chokchaiinternational.com\\edocument.chokchaiinternational.com\\vendor\\laravel\\framework\\src\\Illuminate\\Foundation\\Http\\Kernel.php(141): Illuminate\\Pipeline\\Pipeline->then(Object(Closure))
#67 D:\\XAMPP\\htdocs\\edocument.chokchaiinternational.com\\edocument.chokchaiinternational.com\\vendor\\laravel\\framework\\src\\Illuminate\\Foundation\\Http\\Kernel.php(110): Illuminate\\Foundation\\Http\\Kernel->sendRequestThroughRouter(Object(Illuminate\\Http\\Request))
#68 D:\\XAMPP\\htdocs\\edocument.chokchaiinternational.com\\edocument.chokchaiinternational.com\\public\\index.php(52): Illuminate\\Foundation\\Http\\Kernel->handle(Object(Illuminate\\Http\\Request))
#69 D:\\XAMPP\\htdocs\\edocument.chokchaiinternational.com\\edocument.chokchaiinternational.com\\server.php(21): require_once('D:\\\\XAMPP\\\\htdocs...')
#70 {main}
"} 
